<dataset>
	<Employees id="1" firstName="John" lastName="Lewis" age="50"/>
	<Employees id="2" firstName="Bob" lastName="Smith" age="28"/>	
	<Employees id="3" firstName="Catherine" lastName="Bradley" age="14"/>	
</dataset>