<?xml version='1.0' encoding='UTF-8'?>
<!DOCTYPE dataset SYSTEM "test-data-dtd.xml">
<dataset>
  <Employees id="1" firstName="John" lastName="Lewis"/>
  <Employees id="2" firstName="Bob" lastName="Smith" age="28"/>
  <Employees id="3" firstName="Catherine" lastName="Bradley" age="14"/>
</dataset>
